<?xml version="1.0" encoding="UTF-8"?>
<!-- Generated by org.testng.reporters.JUnitReportReporter -->
<testsuite skipped="0" hostname="LAPTOP-S97G3DGU" name="practise.AppiumFrame.ApiDemoTest" tests="1" failures="0" timestamp="2021-06-27T00:01:40 IST" time="20.942" errors="0">
  <testcase name="dragAndDropTest" time="20.942" classname="practise.AppiumFrame.ApiDemoTest"/>
  <system-out/>
</testsuite> <!-- practise.AppiumFrame.ApiDemoTest -->
