<?xml version="1.0" encoding="UTF-8"?>
<!-- Generated by org.testng.reporters.JUnitReportReporter -->
<testsuite hostname="LAPTOP-S97G3DGU" failures="0" tests="1" name="practise.AppiumFrame.ApiDemoTest" time="24.869" errors="0" timestamp="2021-06-26T20:11:24 IST" skipped="0">
  <testcase classname="practise.AppiumFrame.ApiDemoTest" name="dragAndDropTest" time="24.869"/>
  <system-out/>
</testsuite> <!-- practise.AppiumFrame.ApiDemoTest -->
