<?xml version="1.0" encoding="UTF-8"?>
<!-- Generated by org.testng.reporters.JUnitReportReporter -->
<testsuite hostname="LAPTOP-S97G3DGU" failures="0" tests="2" name="practise.AppiumFrame.EcommerceTest_4" time="82.109" errors="0" timestamp="2021-06-26T20:45:33 IST" skipped="0">
  <testcase classname="practise.AppiumFrame.EcommerceTest_4" name="totalValidation" time="43.362"/>
  <system-out/>
  <testcase classname="practise.AppiumFrame.EcommerceTest_4" name="totalValidation" time="38.747"/>
  <system-out/>
</testsuite> <!-- practise.AppiumFrame.EcommerceTest_4 -->
